<?xml version="1.0" encoding="UTF-8"?>
<testsuite xmlns:xsi="http://www.w3.org/2001/XMLSchema-instance" xsi:noNamespaceSchemaLocation="https://maven.apache.org/surefire/maven-surefire-plugin/xsd/surefire-test-report.xsd" version="3.0.2" name="com.sanish.booking_service.BookingServiceApplicationTests" time="37.751" tests="1" errors="0" skipped="0" failures="0">
  <properties>
[...]
</properties>
  <testcase name="contextLoads" classname="com.sanish.booking_service.BookingServiceApplicationTests" time="0.417">
    <system-out><![CDATA[21:28:46.472 [main] INFO org.springframework.test.context.support.AnnotationConfigContextLoaderUtils -- Could not detect default configuration classes for test class [com.sanish.booking_service.BookingServiceApplicationTests]: BookingServiceApplicationTests does not declare any static, non-private, non-final, nested classes annotated with @Configuration.
21:28:46.668 [main] INFO org.springframework.boot.test.context.SpringBootTestContextBootstrapper -- Found @SpringBootConfiguration com.sanish.booking_service.BookingServiceApplication for test class com.sanish.booking_service.BookingServiceApplicationTests
21:28:46.844 [main] INFO org.springframework.boot.devtools.restart.RestartApplicationListener -- Restart disabled due to context in which it is running

  .   ____          _            __ _ _
 /\\ / ___'_ __ _ _(_)_ __  __ _ \ \ \ \
( ( )\___ | '_ | '_| | '_ \/ _` | \ \ \ \
 \\/  ___)| |_)| | | | | || (_| |  ) ) ) )
  '  |____| .__|_| |_|_| |_\__, | / / / /
 =========|_|==============|___/=/_/_/_/

 :: Spring Boot ::                (v3.4.4)

2025-04-29T21:28:47.193+05:30  INFO 17360 --- [booking-service] [           main] c.s.b.BookingServiceApplicationTests     : Starting BookingServiceApplicationTests using Java 21.0.5 with PID 17360 (started by pc in D:\Development Folder\Microservices\movie-booking-backend\booking-service)
2025-04-29T21:28:47.194+05:30  INFO 17360 --- [booking-service] [           main] c.s.b.BookingServiceApplicationTests     : No active profile set, falling back to 1 default profile: "default"
2025-04-29T21:28:48.709+05:30  INFO 17360 --- [booking-service] [           main] .s.d.r.c.RepositoryConfigurationDelegate : Bootstrapping Spring Data JPA repositories in DEFAULT mode.
2025-04-29T21:28:48.772+05:30  INFO 17360 --- [booking-service] [           main] .s.d.r.c.RepositoryConfigurationDelegate : Finished Spring Data repository scanning in 52 ms. Found 2 JPA repository interfaces.
2025-04-29T21:28:49.578+05:30  INFO 17360 --- [booking-service] [           main] org.testcontainers.images.PullPolicy     : Image pull policy will be performed by: DefaultPullPolicy()
2025-04-29T21:28:49.582+05:30  INFO 17360 --- [booking-service] [           main] o.t.utility.ImageNameSubstitutor         : Image name substitution will be performed by: DefaultImageNameSubstitutor (composite of 'ConfigurationFileImageNameSubstitutor' and 'PrefixingImageNameSubstitutor')
2025-04-29T21:28:49.695+05:30  INFO 17360 --- [booking-service] [           main] org.testcontainers.DockerClientFactory   : Testcontainers version: 1.20.6
2025-04-29T21:28:49.890+05:30  INFO 17360 --- [booking-service] [           main] o.t.d.DockerClientProviderStrategy       : Loaded org.testcontainers.dockerclient.NpipeSocketClientProviderStrategy from ~/.testcontainers.properties, will try it first
2025-04-29T21:28:50.154+05:30  INFO 17360 --- [booking-service] [           main] o.t.d.DockerClientProviderStrategy       : Found Docker environment with local Npipe socket (npipe:////./pipe/docker_engine)
2025-04-29T21:28:50.155+05:30  INFO 17360 --- [booking-service] [           main] org.testcontainers.DockerClientFactory   : Docker host IP address is localhost
2025-04-29T21:28:50.172+05:30  INFO 17360 --- [booking-service] [           main] org.testcontainers.DockerClientFactory   : Connected to docker: 
  Server Version: 27.3.1
  API Version: 1.47
  Operating System: Docker Desktop
  Total Memory: 7643 MB
  Labels: 
    com.docker.desktop.address=npipe://\\.\pipe\docker_cli
2025-04-29T21:28:50.193+05:30  INFO 17360 --- [booking-service] [           main] tc.testcontainers/ryuk:0.11.0            : Creating container for image: testcontainers/ryuk:0.11.0
2025-04-29T21:28:50.410+05:30  INFO 17360 --- [booking-service] [           main] tc.testcontainers/ryuk:0.11.0            : Container testcontainers/ryuk:0.11.0 is starting: a483ab77392c5e05242438061422782ca25dc6403ce149cd93fb7590297f01b9
2025-04-29T21:28:50.848+05:30  INFO 17360 --- [booking-service] [           main] tc.testcontainers/ryuk:0.11.0            : Container testcontainers/ryuk:0.11.0 started in PT0.6549309S
2025-04-29T21:28:50.856+05:30  INFO 17360 --- [booking-service] [           main] o.t.utility.RyukResourceReaper           : Ryuk started - will monitor and terminate Testcontainers containers on JVM exit
2025-04-29T21:28:50.856+05:30  INFO 17360 --- [booking-service] [           main] org.testcontainers.DockerClientFactory   : Checking the system...
2025-04-29T21:28:50.857+05:30  INFO 17360 --- [booking-service] [           main] org.testcontainers.DockerClientFactory   : ✔︎ Docker server version should be at least 1.6.0
2025-04-29T21:28:50.867+05:30  INFO 17360 --- [booking-service] [           main] tc.rabbitmq:4.0.9-alpine                 : Pulling docker image: rabbitmq:4.0.9-alpine. Please be patient; this may take some time but only needs to be done once.
2025-04-29T21:28:54.145+05:30  INFO 17360 --- [booking-service] [tream-117221862] tc.rabbitmq:4.0.9-alpine                 : Starting to pull image
2025-04-29T21:28:54.160+05:30  INFO 17360 --- [booking-service] [tream-117221862] tc.rabbitmq:4.0.9-alpine                 : Pulling image layers:  0 pending,  0 downloaded,  0 extracted, (0 bytes/0 bytes)
2025-04-29T21:28:56.236+05:30  INFO 17360 --- [booking-service] [tream-117221862] tc.rabbitmq:4.0.9-alpine                 : Pulling image layers:  8 pending,  1 downloaded,  0 extracted, (3 MB/? MB)
2025-04-29T21:29:02.860+05:30  INFO 17360 --- [booking-service] [tream-117221862] tc.rabbitmq:4.0.9-alpine                 : Pulling image layers:  7 pending,  2 downloaded,  0 extracted, (33 MB/? MB)
2025-04-29T21:29:03.802+05:30  INFO 17360 --- [booking-service] [tream-117221862] tc.rabbitmq:4.0.9-alpine                 : Pulling image layers:  6 pending,  3 downloaded,  0 extracted, (38 MB/? MB)
2025-04-29T21:29:05.033+05:30  INFO 17360 --- [booking-service] [tream-117221862] tc.rabbitmq:4.0.9-alpine                 : Pulling image layers:  5 pending,  4 downloaded,  0 extracted, (44 MB/? MB)
2025-04-29T21:29:06.943+05:30  INFO 17360 --- [booking-service] [tream-117221862] tc.rabbitmq:4.0.9-alpine                 : Pulling image layers:  4 pending,  5 downloaded,  0 extracted, (52 MB/? MB)
2025-04-29T21:29:08.518+05:30  INFO 17360 --- [booking-service] [tream-117221862] tc.rabbitmq:4.0.9-alpine                 : Pulling image layers:  3 pending,  6 downloaded,  0 extracted, (60 MB/? MB)
2025-04-29T21:29:08.722+05:30  INFO 17360 --- [booking-service] [tream-117221862] tc.rabbitmq:4.0.9-alpine                 : Pulling image layers:  2 pending,  7 downloaded,  0 extracted, (60 MB/? MB)
2025-04-29T21:29:10.228+05:30  INFO 17360 --- [booking-service] [tream-117221862] tc.rabbitmq:4.0.9-alpine                 : Pulling image layers:  1 pending,  8 downloaded,  0 extracted, (67 MB/? MB)
2025-04-29T21:29:10.890+05:30  INFO 17360 --- [booking-service] [tream-117221862] tc.rabbitmq:4.0.9-alpine                 : Pulling image layers:  1 pending,  8 downloaded,  1 extracted, (67 MB/? MB)
2025-04-29T21:29:11.085+05:30  INFO 17360 --- [booking-service] [tream-117221862] tc.rabbitmq:4.0.9-alpine                 : Pulling image layers:  1 pending,  8 downloaded,  2 extracted, (68 MB/? MB)
2025-04-29T21:29:11.293+05:30  INFO 17360 --- [booking-service] [tream-117221862] tc.rabbitmq:4.0.9-alpine                 : Pulling image layers:  1 pending,  8 downloaded,  3 extracted, (68 MB/? MB)
2025-04-29T21:29:11.910+05:30  INFO 17360 --- [booking-service] [tream-117221862] tc.rabbitmq:4.0.9-alpine                 : Pulling image layers:  1 pending,  8 downloaded,  4 extracted, (68 MB/? MB)
2025-04-29T21:29:11.933+05:30  INFO 17360 --- [booking-service] [tream-117221862] tc.rabbitmq:4.0.9-alpine                 : Pulling image layers:  1 pending,  8 downloaded,  5 extracted, (68 MB/? MB)
2025-04-29T21:29:11.956+05:30  INFO 17360 --- [booking-service] [tream-117221862] tc.rabbitmq:4.0.9-alpine                 : Pulling image layers:  1 pending,  8 downloaded,  6 extracted, (68 MB/? MB)
2025-04-29T21:29:11.978+05:30  INFO 17360 --- [booking-service] [tream-117221862] tc.rabbitmq:4.0.9-alpine                 : Pulling image layers:  1 pending,  8 downloaded,  7 extracted, (68 MB/? MB)
2025-04-29T21:29:11.999+05:30  INFO 17360 --- [booking-service] [tream-117221862] tc.rabbitmq:4.0.9-alpine                 : Pulling image layers:  1 pending,  8 downloaded,  8 extracted, (68 MB/? MB)
2025-04-29T21:29:12.017+05:30  INFO 17360 --- [booking-service] [tream-117221862] tc.rabbitmq:4.0.9-alpine                 : Pull complete. 9 layers, pulled in 17s (downloaded 68 MB at 4 MB/s)
2025-04-29T21:29:12.017+05:30  INFO 17360 --- [booking-service] [           main] tc.rabbitmq:4.0.9-alpine                 : Image rabbitmq:4.0.9-alpine pull took PT21.1498652S
2025-04-29T21:29:12.025+05:30  INFO 17360 --- [booking-service] [           main] tc.rabbitmq:4.0.9-alpine                 : Creating container for image: rabbitmq:4.0.9-alpine
2025-04-29T21:29:12.802+05:30  INFO 17360 --- [booking-service] [           main] tc.rabbitmq:4.0.9-alpine                 : Container rabbitmq:4.0.9-alpine is starting: f3326882a4b51003bb6de76a39c7e691a64d37a4f82dbb47bb81e029cbb101ad
2025-04-29T21:29:16.641+05:30  INFO 17360 --- [booking-service] [           main] tc.rabbitmq:4.0.9-alpine                 : Container rabbitmq:4.0.9-alpine started in PT4.6161429S
2025-04-29T21:29:16.642+05:30  INFO 17360 --- [booking-service] [           main] tc.postgres:17-alpine                    : Creating container for image: postgres:17-alpine
2025-04-29T21:29:16.741+05:30  INFO 17360 --- [booking-service] [           main] tc.postgres:17-alpine                    : Container postgres:17-alpine is starting: ad1b86880963092d8a854d32baf43cc671226eb7eafe2e8952e269dd3a0886ee
2025-04-29T21:29:18.287+05:30  INFO 17360 --- [booking-service] [           main] tc.postgres:17-alpine                    : Container postgres:17-alpine started in PT1.6454244S
2025-04-29T21:29:18.288+05:30  INFO 17360 --- [booking-service] [           main] tc.postgres:17-alpine                    : Container is started (JDBC URL: jdbc:postgresql://localhost:62582/test?loggerLevel=OFF)
2025-04-29T21:29:18.806+05:30  INFO 17360 --- [booking-service] [           main] org.flywaydb.core.FlywayExecutor         : Database: jdbc:postgresql://localhost:62582/test?loggerLevel=OFF (PostgreSQL 17.4)
2025-04-29T21:29:18.842+05:30  INFO 17360 --- [booking-service] [           main] o.f.c.i.s.JdbcTableSchemaHistory         : Schema history table "public"."flyway_schema_history" does not exist yet
2025-04-29T21:29:18.845+05:30  INFO 17360 --- [booking-service] [           main] o.f.core.internal.command.DbValidate     : Successfully validated 3 migrations (execution time 00:00.015s)
2025-04-29T21:29:18.860+05:30  INFO 17360 --- [booking-service] [           main] o.f.c.i.s.JdbcTableSchemaHistory         : Creating Schema History table "public"."flyway_schema_history" ...
2025-04-29T21:29:18.921+05:30  INFO 17360 --- [booking-service] [           main] o.f.core.internal.command.DbMigrate      : Current version of schema "public": << Empty Schema >>
2025-04-29T21:29:18.931+05:30  INFO 17360 --- [booking-service] [           main] o.f.core.internal.command.DbMigrate      : Migrating schema "public" to version "1 - create booking service tables"
2025-04-29T21:29:18.964+05:30  INFO 17360 --- [booking-service] [           main] o.f.core.internal.command.DbMigrate      : Migrating schema "public" to version "2 - create booking service events table"
2025-04-29T21:29:18.981+05:30  INFO 17360 --- [booking-service] [           main] o.f.core.internal.command.DbMigrate      : Migrating schema "public" to version "3 - create shedlock table"
2025-04-29T21:29:18.996+05:30  INFO 17360 --- [booking-service] [           main] o.f.core.internal.command.DbMigrate      : Successfully applied 3 migrations to schema "public", now at version v3 (execution time 00:00.026s)
2025-04-29T21:29:19.099+05:30  INFO 17360 --- [booking-service] [           main] com.zaxxer.hikari.HikariDataSource       : HikariPool-1 - Starting...
2025-04-29T21:29:19.125+05:30  INFO 17360 --- [booking-service] [           main] com.zaxxer.hikari.pool.HikariPool        : HikariPool-1 - Added connection org.postgresql.jdbc.PgConnection@39007725
2025-04-29T21:29:19.127+05:30  INFO 17360 --- [booking-service] [           main] com.zaxxer.hikari.HikariDataSource       : HikariPool-1 - Start completed.
2025-04-29T21:29:19.174+05:30  INFO 17360 --- [booking-service] [           main] o.hibernate.jpa.internal.util.LogHelper  : HHH000204: Processing PersistenceUnitInfo [name: default]
2025-04-29T21:29:19.238+05:30  INFO 17360 --- [booking-service] [           main] org.hibernate.Version                    : HHH000412: Hibernate ORM core version 6.6.11.Final
2025-04-29T21:29:19.277+05:30  INFO 17360 --- [booking-service] [           main] o.h.c.internal.RegionFactoryInitiator    : HHH000026: Second-level cache disabled
2025-04-29T21:29:19.510+05:30  INFO 17360 --- [booking-service] [           main] o.s.o.j.p.SpringPersistenceUnitInfo      : No LoadTimeWeaver setup: ignoring JPA class transformer
2025-04-29T21:29:19.596+05:30  INFO 17360 --- [booking-service] [           main] org.hibernate.orm.connections.pooling    : HHH10001005: Database info:
	Database JDBC URL [Connecting through datasource 'HikariDataSource (HikariPool-1)']
	Database driver: undefined/unknown
	Database version: 17.4
	Autocommit mode: undefined/unknown
	Isolation level: undefined/unknown
	Minimum pool size: undefined/unknown
	Maximum pool size: undefined/unknown
2025-04-29T21:29:20.342+05:30  INFO 17360 --- [booking-service] [           main] o.h.e.t.j.p.i.JtaPlatformInitiator       : HHH000489: No JTA platform available (set 'hibernate.transaction.jta.platform' to enable JTA platform integration)
2025-04-29T21:29:20.345+05:30  INFO 17360 --- [booking-service] [           main] j.LocalContainerEntityManagerFactoryBean : Initialized JPA EntityManagerFactory for persistence unit 'default'
2025-04-29T21:29:23.430+05:30  INFO 17360 --- [booking-service] [           main] o.s.b.a.e.web.EndpointLinksResolver      : Exposing 27 endpoints beneath base path '/actuator'
2025-04-29T21:29:23.518+05:30  INFO 17360 --- [booking-service] [           main] c.s.b.BookingServiceApplicationTests     : Started BookingServiceApplicationTests in 36.687 seconds (process running for 38.262)
]]></system-out>
    <system-err><![CDATA[Mockito is currently self-attaching to enable the inline-mock-maker. This will no longer work in future releases of the JDK. Please add Mockito as an agent to your build what is described in Mockito's documentation: https://javadoc.io/doc/org.mockito/mockito-core/latest/org/mockito/Mockito.html#0.3
WARNING: A Java agent has been loaded dynamically (C:\Users\pc\.m2\repository\net\bytebuddy\byte-buddy-agent\1.15.11\byte-buddy-agent-1.15.11.jar)
WARNING: If a serviceability tool is in use, please run with -XX:+EnableDynamicAgentLoading to hide this warning
WARNING: If a serviceability tool is not in use, please run with -Djdk.instrument.traceUsage for more information
WARNING: Dynamic loading of agents will be disallowed by default in a future release
]]></system-err>
  </testcase>
</testsuite>